[    0.000000] Linux version 4.15.0-99-generic (buildd@lcy01-amd64-013) (gcc version 7.5.0 (Ubuntu 7.5.0-3ubuntu1~18.04)) #100-Ubuntu SMP Wed Apr 22 20:32:56 UTC 2020 (Ubuntu 4.15.0-99.100-generic 4.15.18)
[    0.000000] Command line: BOOT_IMAGE=/boot/vmlinuz-4.15.0-99-generic root=UUID=8ebeb332-d62a-44e8-aa21-a22e3a14b149 ro console=tty1 console=ttyS0
[    0.000000] KERNEL supported cpus:
[    0.000000]   Intel GenuineIntel
[    0.000000]   AMD AuthenticAMD
[    0.000000]   Centaur CentaurHauls
[    0.000000] x86/fpu: Supporting XSAVE feature 0x001: 'x87 floating point registers'
[    0.000000] x86/fpu: Supporting XSAVE feature 0x002: 'SSE registers'
[    0.000000] x86/fpu: Supporting XSAVE feature 0x004: 'AVX registers'
[    0.000000] x86/fpu: xstate_offset[2]:  576, xstate_sizes[2]:  256
[    0.000000] x86/fpu: Enabled xstate features 0x7, context size is 832 bytes, using 'standard' format.
[    0.000000] e820: BIOS-provided physical RAM map:
[    0.000000] BIOS-e820: [mem 0x0000000000000000-0x000000000009fbff] usable
[    0.000000] BIOS-e820: [mem 0x000000000009fc00-0x000000000009ffff] reserved
[    0.000000] BIOS-e820: [mem 0x00000000000f0000-0x00000000000fffff] reserved
[    0.000000] BIOS-e820: [mem 0x0000000000100000-0x000000003ffeffff] usable
[    0.000000] BIOS-e820: [mem 0x000000003fff0000-0x000000003fffffff] ACPI data
[    0.000000] BIOS-e820: [mem 0x00000000fec00000-0x00000000fec00fff] reserved
[    0.000000] BIOS-e820: [mem 0x00000000fee00000-0x00000000fee00fff] reserved
[    0.000000] BIOS-e820: [mem 0x00000000fffc0000-0x00000000ffffffff] reserved
[    0.000000] NX (Execute Disable) protection: active
[    0.000000] SMBIOS 2.5 present.
[    0.000000] DMI: innotek GmbH VirtualBox/VirtualBox, BIOS VirtualBox 12/01/2006
[    0.000000] Hypervisor detected: KVM
[    0.000000] e820: last_pfn = 0x3fff0 max_arch_pfn = 0x400000000
[    0.000000] MTRR: Disabled
[    0.000000] x86/PAT: MTRRs disabled, skipping PAT initialization too.
[    0.000000] CPU MTRRs all blank - virtualized system.
[    0.000000] x86/PAT: Configuration [0-7]: WB  WT  UC- UC  WB  WT  UC- UC  
[    0.000000] found SMP MP-table at [mem 0x0009fff0-0x0009ffff]
[    0.000000] Scanning 1 areas for low memory corruption
[    0.000000] RAMDISK: [mem 0x35963000-0x36ca8fff]
[    0.000000] ACPI: Early table checksum verification disabled
[    0.000000] ACPI: RSDP 0x00000000000E0000 000024 (v02 VBOX  )
[    0.000000] ACPI: XSDT 0x000000003FFF0030 00003C (v01 VBOX   VBOXXSDT 00000001 ASL  00000061)
[    0.000000] ACPI: FACP 0x000000003FFF00F0 0000F4 (v04 VBOX   VBOXFACP 00000001 ASL  00000061)
[    0.000000] ACPI: DSDT 0x000000003FFF0470 0022EA (v02 VBOX   VBOXBIOS 00000002 INTL 20100528)
[    0.000000] ACPI: FACS 0x000000003FFF0200 000040
[    0.000000] ACPI: FACS 0x000000003FFF0200 000040
[    0.000000] ACPI: APIC 0x000000003FFF0240 00005C (v02 VBOX   VBOXAPIC 00000001 ASL  00000061)
[    0.000000] ACPI: SSDT 0x000000003FFF02A0 0001CC (v01 VBOX   VBOXCPUT 00000002 INTL 20100528)
[    0.000000] No NUMA configuration found
[    0.000000] Faking a node at [mem 0x0000000000000000-0x000000003ffeffff]
[    0.000000] NODE_DATA(0) allocated [mem 0x3ffc5000-0x3ffeffff]
[    0.000000] kvm-clock: cpu 0, msr 0:3ff44001, primary cpu clock
[    0.000000] kvm-clock: Using msrs 4b564d01 and 4b564d00
[    0.000000] kvm-clock: using sched offset of 4438262083 cycles
[    0.000000] clocksource: kvm-clock: mask: 0xffffffffffffffff max_cycles: 0x1cd42e4dffb, max_idle_ns: 881590591483 ns
[    0.000000] Zone ranges:
[    0.000000]   DMA      [mem 0x0000000000001000-0x0000000000ffffff]
[    0.000000]   DMA32    [mem 0x0000000001000000-0x000000003ffeffff]
[    0.000000]   Normal   empty
[    0.000000]   Device   empty
[    0.000000] Movable zone start for each node
[    0.000000] Early memory node ranges
[    0.000000]   node   0: [mem 0x0000000000001000-0x000000000009efff]
[    0.000000]   node   0: [mem 0x0000000000100000-0x000000003ffeffff]
[    0.000000] Reserved but unavailable: 98 pages
[    0.000000] Initmem setup node 0 [mem 0x0000000000001000-0x000000003ffeffff]
[    0.000000] ACPI: PM-Timer IO Port: 0x4008
[    0.000000] IOAPIC[0]: apic_id 2, version 32, address 0xfec00000, GSI 0-23
[    0.000000] ACPI: INT_SRC_OVR (bus 0 bus_irq 0 global_irq 2 dfl dfl)
[    0.000000] ACPI: INT_SRC_OVR (bus 0 bus_irq 9 global_irq 9 low level)
[    0.000000] Using ACPI (MADT) for SMP configuration information
[    0.000000] smpboot: Allowing 2 CPUs, 0 hotplug CPUs
[    0.000000] PM: Registered nosave memory: [mem 0x00000000-0x00000fff]
[    0.000000] PM: Registered nosave memory: [mem 0x0009f000-0x0009ffff]
[    0.000000] PM: Registered nosave memory: [mem 0x000a0000-0x000effff]
[    0.000000] PM: Registered nosave memory: [mem 0x000f0000-0x000fffff]
[    0.000000] e820: [mem 0x40000000-0xfebfffff] available for PCI devices
[    0.000000] Booting paravirtualized kernel on KVM
[    0.000000] clocksource: refined-jiffies: mask: 0xffffffff max_cycles: 0xffffffff, max_idle_ns: 7645519600211568 ns
[    0.000000] random: get_random_bytes called from start_kernel+0x99/0x4fd with crng_init=0
[    0.000000] setup_percpu: NR_CPUS:8192 nr_cpumask_bits:2 nr_cpu_ids:2 nr_node_ids:1
[    0.000000] percpu: Embedded 45 pages/cpu s147456 r8192 d28672 u1048576
[    0.000000] PV qspinlock hash table entries: 256 (order: 0, 4096 bytes)
[    0.000000] Built 1 zonelists, mobility grouping on.  Total pages: 257913
[    0.000000] Policy zone: DMA32
[    0.000000] Kernel command line: BOOT_IMAGE=/boot/vmlinuz-4.15.0-99-generic root=UUID=8ebeb332-d62a-44e8-aa21-a22e3a14b149 ro console=tty1 console=ttyS0
[    0.000000] Memory: 982532K/1048120K available (12300K kernel code, 2481K rwdata, 4268K rodata, 2432K init, 2712K bss, 65588K reserved, 0K cma-reserved)
[    0.000000] SLUB: HWalign=64, Order=0-3, MinObjects=0, CPUs=2, Nodes=1
[    0.000000] Kernel/User page tables isolation: enabled
[    0.000000] ftrace: allocating 39364 entries in 154 pages
[    0.004000] Hierarchical RCU implementation.
[    0.004000] 	RCU restricting CPUs from NR_CPUS=8192 to nr_cpu_ids=2.
[    0.004000] 	Tasks RCU enabled.
[    0.004000] RCU: Adjusting geometry for rcu_fanout_leaf=16, nr_cpu_ids=2
[    0.004000] NR_IRQS: 524544, nr_irqs: 440, preallocated irqs: 16
[    0.004000] Console: colour VGA+ 80x25
[    0.004000] console [tty1] enabled
[    0.004000] console [ttyS0] enabled
[    0.004000] ACPI: Core revision 20170831
[    0.004000] ACPI: 2 ACPI AML tables successfully acquired and loaded
[    0.004000] APIC: Switch to symmetric I/O mode setup
[    0.004000] x2apic enabled
[    0.004000] Switched APIC routing to physical x2apic.
[    0.004000] ..TIMER: vector=0x30 apic1=0 pin1=2 apic2=-1 pin2=-1
[    0.004004] tsc: Detected 2700.000 MHz processor
[    0.005161] Calibrating delay loop (skipped) preset value.. 5400.00 BogoMIPS (lpj=10800000)
[    0.008004] pid_max: default: 32768 minimum: 301
[    0.009207] Security Framework initialized
[    0.012003] Yama: becoming mindful.
[    0.012929] AppArmor: AppArmor initialized
[    0.016056] Dentry cache hash table entries: 131072 (order: 8, 1048576 bytes)
[    0.018504] Inode-cache hash table entries: 65536 (order: 7, 524288 bytes)
[    0.020027] Mount-cache hash table entries: 2048 (order: 2, 16384 bytes)
[    0.022245] Mountpoint-cache hash table entries: 2048 (order: 2, 16384 bytes)
[    0.024280] Last level iTLB entries: 4KB 64, 2MB 8, 4MB 8
[    0.026128] Last level dTLB entries: 4KB 64, 2MB 0, 4MB 0, 1GB 4
[    0.028006] Spectre V1 : Mitigation: usercopy/swapgs barriers and __user pointer sanitization
[    0.030529] Spectre V2 : Mitigation: Full generic retpoline
[    0.032005] Spectre V2 : Spectre v2 / SpectreRSB mitigation: Filling RSB on context switch
[    0.034250] Speculative Store Bypass: Vulnerable
[    0.036046] MDS: Mitigation: Clear CPU buffers
[    0.037313] Freeing SMP alternatives memory: 36K
[    0.149464] smpboot: CPU0: Intel(R) Core(TM) i5-5257U CPU @ 2.70GHz (family: 0x6, model: 0x3d, stepping: 0x4)
[    0.152000] Performance Events: unsupported p6 CPU model 61 no PMU driver, software events only.
[    0.152045] Hierarchical SRCU implementation.
[    0.153819] NMI watchdog: Perf event create on CPU 0 failed with -2
[    0.156002] NMI watchdog: Perf NMI watchdog permanently disabled
[    0.157516] smp: Bringing up secondary CPUs ...
[    0.158726] x86: Booting SMP configuration:
[    0.160003] .... node  #0, CPUs:      #1
[    0.004000] kvm-clock: cpu 1, msr 0:3ff44041, secondary cpu clock
[    0.168056] smp: Brought up 1 node, 2 CPUs
[    0.169490] smpboot: Max logical packages: 1
[    0.170964] smpboot: Total of 2 processors activated (10800.00 BogoMIPS)
[    0.172160] devtmpfs: initialized
[    0.173634] x86/mm: Memory block size: 128MB
[    0.176158] evm: security.selinux
[    0.177031] evm: security.SMACK64
[    0.177888] evm: security.SMACK64EXEC
[    0.180006] evm: security.SMACK64TRANSMUTE
[    0.181151] evm: security.SMACK64MMAP
[    0.182092] evm: security.apparmor
[    0.183022] evm: security.ima
[    0.184003] evm: security.capability
[    0.184986] clocksource: jiffies: mask: 0xffffffff max_cycles: 0xffffffff, max_idle_ns: 7645041785100000 ns
[    0.188019] futex hash table entries: 512 (order: 3, 32768 bytes)
[    0.192021] pinctrl core: initialized pinctrl subsystem
[    0.193716] RTC time: 15:10:22, date: 05/02/20
[    0.195073] NET: Registered protocol family 16
[    0.196075] audit: initializing netlink subsys (disabled)
[    0.197989] audit: type=2000 audit(1588432228.639:1): state=initialized audit_enabled=0 res=1
[    0.200013] cpuidle: using governor ladder
[    0.201162] cpuidle: using governor menu
[    0.202252] ACPI: bus type PCI registered
[    0.204004] acpiphp: ACPI Hot Plug PCI Controller Driver version: 0.5
[    0.205695] PCI: Using configuration type 1 for base access
[    0.208910] HugeTLB registered 2.00 MiB page size, pre-allocated 0 pages
[    0.209683] ACPI: Added _OSI(Module Device)
[    0.212006] ACPI: Added _OSI(Processor Device)
[    0.213689] ACPI: Added _OSI(3.0 _SCP Extensions)
[    0.216011] ACPI: Added _OSI(Processor Aggregator Device)
[    0.218034] ACPI: Added _OSI(Linux-Dell-Video)
[    0.219135] ACPI: Added _OSI(Linux-Lenovo-NV-HDMI-Audio)
[    0.220019] ACPI: Added _OSI(Linux-HPI-Hybrid-Graphics)
[    0.222332] ACPI: Executed 1 blocks of module-level executable AML code
[    0.229681] ACPI: Interpreter enabled
[    0.230991] ACPI: (supports S0 S5)
[    0.232007] ACPI: Using IOAPIC for interrupt routing
[    0.233635] PCI: Using host bridge windows from ACPI; if necessary, use "pci=nocrs" and report a bug
[    0.236518] ACPI: Enabled 2 GPEs in block 00 to 07
[    0.254253] ACPI: PCI Root Bridge [PCI0] (domain 0000 [bus 00-ff])
[    0.256012] acpi PNP0A03:00: _OSC: OS supports [ASPM ClockPM Segments MSI]
[    0.258134] acpi PNP0A03:00: _OSC: not requesting OS control; OS requires [ExtendedConfig ASPM ClockPM MSI]
[    0.260018] acpi PNP0A03:00: fail to add MMCONFIG information, can't access extended PCI configuration space under this bridge.
[    0.264471] PCI host bridge to bus 0000:00
[    0.265693] pci_bus 0000:00: root bus resource [io  0x0000-0x0cf7 window]
[    0.268011] pci_bus 0000:00: root bus resource [io  0x0d00-0xffff window]
[    0.270827] pci_bus 0000:00: root bus resource [mem 0x000a0000-0x000bffff window]
[    0.272009] pci_bus 0000:00: root bus resource [mem 0x40000000-0xfdffffff window]
[    0.276011] pci_bus 0000:00: root bus resource [bus 00-ff]
[    0.286252] pci 0000:00:01.1: legacy IDE quirk: reg 0x10: [io  0x01f0-0x01f7]
[    0.288005] pci 0000:00:01.1: legacy IDE quirk: reg 0x14: [io  0x03f6]
[    0.289682] pci 0000:00:01.1: legacy IDE quirk: reg 0x18: [io  0x0170-0x0177]
[    0.292004] pci 0000:00:01.1: legacy IDE quirk: reg 0x1c: [io  0x0376]
[    0.323066] pci 0000:00:07.0: quirk: [io  0x4000-0x403f] claimed by PIIX4 ACPI
[    0.324132] pci 0000:00:07.0: quirk: [io  0x4100-0x410f] claimed by PIIX4 SMB
[    0.344011] ACPI: PCI Interrupt Link [LNKA] (IRQs 5 9 10 *11)
[    0.346584] ACPI: PCI Interrupt Link [LNKB] (IRQs 5 9 *10 11)
[    0.348175] ACPI: PCI Interrupt Link [LNKC] (IRQs 5 *9 10 11)
[    0.350020] ACPI: PCI Interrupt Link [LNKD] (IRQs 5 9 10 *11)
[    0.356986] SCSI subsystem initialized
[    0.358738] pci 0000:00:02.0: vgaarb: setting as boot VGA device
[    0.358738] pci 0000:00:02.0: vgaarb: VGA device added: decodes=io+mem,owns=io+mem,locks=none
[    0.360006] pci 0000:00:02.0: vgaarb: bridge control possible
[    0.361978] vgaarb: loaded
[    0.364086] ACPI: bus type USB registered
[    0.366760] usbcore: registered new interface driver usbfs
[    0.368044] usbcore: registered new interface driver hub
[    0.372064] usbcore: registered new device driver usb
[    0.374593] EDAC MC: Ver: 3.0.0
[    0.376646] PCI: Using ACPI for IRQ routing
[    0.378401] NetLabel: Initializing
[    0.380005] NetLabel:  domain hash size = 128
[    0.381711] NetLabel:  protocols = UNLABELED CIPSOv4 CALIPSO
[    0.384025] NetLabel:  unlabeled traffic allowed by default
[    0.385516] clocksource: Switched to clocksource kvm-clock
[    0.409840] VFS: Disk quotas dquot_6.6.0
[    0.411789] VFS: Dquot-cache hash table entries: 512 (order 0, 4096 bytes)
[    0.418925] AppArmor: AppArmor Filesystem Enabled
[    0.421060] pnp: PnP ACPI init
[    0.424802] pnp: PnP ACPI: found 3 devices
[    0.437233] clocksource: acpi_pm: mask: 0xffffff max_cycles: 0xffffff, max_idle_ns: 2085701024 ns
[    0.440314] NET: Registered protocol family 2
[    0.442643] TCP established hash table entries: 8192 (order: 4, 65536 bytes)
[    0.444638] TCP bind hash table entries: 8192 (order: 5, 131072 bytes)
[    0.448468] TCP: Hash tables configured (established 8192 bind 8192)
[    0.450507] UDP hash table entries: 512 (order: 2, 16384 bytes)
[    0.452027] UDP-Lite hash table entries: 512 (order: 2, 16384 bytes)
[    0.454276] NET: Registered protocol family 1
[    0.455409] pci 0000:00:00.0: Limiting direct PCI/PCI transfers
[    0.457056] pci 0000:00:01.0: Activating ISA DMA hang workarounds
[    0.458689] pci 0000:00:02.0: Video device with shadowed ROM at [mem 0x000c0000-0x000dffff]
[    0.461915] Unpacking initramfs...
[    0.831887] Freeing initrd memory: 19736K
[    0.835101] clocksource: tsc: mask: 0xffffffffffffffff max_cycles: 0x26eb3e3cc63, max_idle_ns: 440795236593 ns
[    0.839124] platform rtc_cmos: registered platform RTC device (no PNP device found)
[    0.841966] Scanning for low memory corruption every 60 seconds
[    0.844818] Initialise system trusted keyrings
[    0.849497] Key type blacklist registered
[    0.851336] workingset: timestamp_bits=36 max_order=18 bucket_order=0
[    0.856831] zbud: loaded
[    0.873367] squashfs: version 4.0 (2009/01/31) Phillip Lougher
[    0.887347] fuse init (API version 7.26)
[    0.892257] Key type asymmetric registered
[    0.893392] Asymmetric key parser 'x509' registered
[    0.894644] Block layer SCSI generic (bsg) driver version 0.4 loaded (major 246)
[    0.896721] io scheduler noop registered
[    0.897723] io scheduler deadline registered
[    0.898938] io scheduler cfq registered (default)
[    0.900720] ACPI: AC Adapter [AC] (on-line)
[    0.901834] input: Power Button as /devices/LNXSYSTM:00/LNXPWRBN:00/input/input0
[    0.904326] ACPI: Power Button [PWRF]
[    0.906012] input: Sleep Button as /devices/LNXSYSTM:00/LNXSLPBN:00/input/input1
[    0.908691] ACPI: Sleep Button [SLPF]
[    0.912986] ACPI: Battery Slot [BAT0] (battery present)
[    0.915546] Serial: 8250/16550 driver, 32 ports, IRQ sharing enabled
[    0.954679] 00:02: ttyS0 at I/O 0x3f8 (irq = 4, base_baud = 115200) is a 16550A
[    0.961100] Linux agpgart interface v0.103
[    0.967540] loop: module loaded
[    0.970149] scsi host0: ata_piix
[    0.972100] scsi host1: ata_piix
[    0.974487] ata1: PATA max UDMA/33 cmd 0x1f0 ctl 0x3f6 bmdma 0xd000 irq 14
[    0.979146] ata2: PATA max UDMA/33 cmd 0x170 ctl 0x376 bmdma 0xd008 irq 15
[    0.982456] libphy: Fixed MDIO Bus: probed
[    0.983732] tun: Universal TUN/TAP device driver, 1.6
[    0.985635] PPP generic driver version 2.4.2
[    0.987284] ehci_hcd: USB 2.0 'Enhanced' Host Controller (EHCI) Driver
[    0.989710] ehci-pci: EHCI PCI platform driver
[    0.991328] ehci-platform: EHCI generic platform driver
[    0.993257] ohci_hcd: USB 1.1 'Open' Host Controller (OHCI) Driver
[    0.995423] ohci-pci: OHCI PCI platform driver
[    0.996858] ohci-platform: OHCI generic platform driver
[    0.998692] uhci_hcd: USB Universal Host Controller Interface driver
[    1.002068] i8042: PNP: PS/2 Controller [PNP0303:PS2K,PNP0f03:PS2M] at 0x60,0x64 irq 1,12
[    1.010975] serio: i8042 KBD port at 0x60,0x64 irq 1
[    1.014339] serio: i8042 AUX port at 0x60,0x64 irq 12
[    1.018201] mousedev: PS/2 mouse device common for all mice
[    1.024260] rtc_cmos rtc_cmos: rtc core: registered rtc_cmos as rtc0
[    1.030949] input: AT Translated Set 2 keyboard as /devices/platform/i8042/serio0/input/input2
[    1.032160] rtc_cmos rtc_cmos: alarms up to one day, 114 bytes nvram
[    1.048705] i2c /dev entries driver
[    1.053132] device-mapper: uevent: version 1.0.3
[    1.059390] device-mapper: ioctl: 4.37.0-ioctl (2017-09-20) initialised: dm-devel@redhat.com
[    1.065578] ledtrig-cpu: registered to indicate activity on CPUs
[    1.070253] NET: Registered protocol family 10
[    1.079965] Segment Routing with IPv6
[    1.081167] NET: Registered protocol family 17
[    1.082463] Key type dns_resolver registered
[    1.083779] mce: Using 0 MCE banks
[    1.085038] RAS: Correctable Errors collector initialized.
[    1.086580] sched_clock: Marking stable (1085008475, 0)->(1437591209, -352582734)
[    1.091034] registered taskstats version 1
[    1.092568] Loading compiled-in X.509 certificates
[    1.096468] Loaded X.509 cert 'Build time autogenerated kernel key: 7480108fe56bba9284001dfb9078560125be4684'
[    1.099134] zswap: loaded using pool lzo/zbud
[    1.105085] Key type big_key registered
[    1.106131] Key type trusted registered
[    1.109015] Key type encrypted registered
[    1.110564] AppArmor: AppArmor sha1 policy hashing enabled
[    1.112563] ima: No TPM chip found, activating TPM-bypass! (rc=-19)
[    1.114778] ima: Allocated hash algorithm: sha1
[    1.116530] evm: HMAC attrs: 0x1
[    1.118011]   Magic number: 4:350:183
[    1.119168] rtc_cmos rtc_cmos: setting system clock to 2020-05-02 15:10:23 UTC (1588432223)
[    1.121565] BIOS EDD facility v0.16 2004-Jun-25, 0 devices found
[    1.129226] EDD information not available.
[    1.142829] Freeing unused kernel image memory: 2432K
[    1.156392] Write protecting the kernel read-only data: 20480k
[    1.159723] Freeing unused kernel image memory: 2008K
[    1.162909] Freeing unused kernel image memory: 1876K
[    1.172198] x86/mm: Checked W+X mappings: passed, no W+X pages found.
[    1.173952] x86/mm: Checking user space page tables
[    1.180858] x86/mm: Checked W+X mappings: passed, no W+X pages found.
Loading, please wait...
starting version 237
[    1.275393] Fusion MPT base driver 3.04.20
[    1.277161] Copyright (c) 1999-2008 LSI Corporation
[    1.294620] e1000: Intel(R) PRO/1000 Network Driver - version 7.3.21-k8-NAPI
[    1.296824] e1000: Copyright (c) 1999-2006 Intel Corporation.
[    1.304672] Fusion MPT SPI Host driver 3.04.20
[    1.306437] AVX2 version of gcm_enc/dec engaged.
[    1.308140] AES CTR mode by8 optimization enabled
[    1.310194] mptbase: ioc0: Initiating bringup
[    1.767868] input: ImExPS/2 Generic Explorer Mouse as /devices/platform/i8042/serio1/input/input4
[    1.852361] ioc0: LSI53C1030 A0: Capabilities={Initiator}
[    2.211652] scsi host2: ioc0: LSI53C1030 A0, FwRev=00000000h, Ports=1, MaxQ=256, IRQ=20
[    2.776994] scsi 2:0:0:0: Direct-Access     VBOX     HARDDISK         1.0  PQ: 0 ANSI: 5
[    2.808246] scsi target2:0:0: Beginning Domain Validation
[    2.826935] scsi target2:0:0: Domain Validation skipping write tests
[    2.828702] scsi target2:0:0: Ending Domain Validation
[    2.830354] scsi target2:0:0: asynchronous
[    2.850081] scsi 2:0:1:0: Direct-Access     VBOX     HARDDISK         1.0  PQ: 0 ANSI: 5
[    2.887715] scsi target2:0:1: Beginning Domain Validation
[    2.893273] random: fast init done
[    2.894936] scsi target2:0:1: Domain Validation skipping write tests
[    2.897460] scsi target2:0:1: Ending Domain Validation
[    2.899593] scsi target2:0:1: asynchronous
[    2.905560] random: systemd-udevd: uninitialized urandom read (16 bytes read)
[    2.908212] random: systemd-udevd: uninitialized urandom read (16 bytes read)
[    2.910196] random: systemd-udevd: uninitialized urandom read (16 bytes read)
[    2.918539] sd 2:0:0:0: Attached scsi generic sg0 type 0
[    2.921790] sd 2:0:0:0: [sda] 20971520 512-byte logical blocks: (10.7 GB/10.0 GiB)
[    2.925758] sd 2:0:1:0: Attached scsi generic sg1 type 0
[    2.927888] sd 2:0:0:0: [sda] Write Protect is off
[    2.930240] sd 2:0:0:0: [sda] Incomplete mode parameter data
[    2.932484] sd 2:0:0:0: [sda] Assuming drive cache: write through
[    2.934770] sd 2:0:1:0: [sdb] 20480 512-byte logical blocks: (10.5 MB/10.0 MiB)
[    2.938481] sd 2:0:1:0: [sdb] Write Protect is off
[    2.940453] sd 2:0:1:0: [sdb] Incomplete mode parameter data
[    2.942011] sd 2:0:1:0: [sdb] Assuming drive cache: write through
[    2.945868]  sda: sda1
[    2.948599] sd 2:0:0:0: [sda] Attached SCSI disk
[    2.951523] sd 2:0:1:0: [sdb] Attached SCSI disk
[    3.259320] e1000 0000:00:03.0 eth0: (PCI:33MHz:32-bit) 02:43:0e:00:05:fc
[    3.264659] e1000 0000:00:03.0 eth0: Intel(R) PRO/1000 Network Connection
[    3.272002] e1000 0000:00:03.0 enp0s3: renamed from eth0
Begin: Loading essential drivers ... [    4.796261] raid6: sse2x1   gen()  7501 MB/s
[    4.844211] raid6: sse2x1   xor()  5615 MB/s
[    4.892407] raid6: sse2x2   gen()  8385 MB/s
[    4.944156] raid6: sse2x2   xor()  6001 MB/s
[    4.992104] raid6: sse2x4   gen() 11053 MB/s
[    5.040163] raid6: sse2x4   xor()  8488 MB/s
[    5.088254] raid6: avx2x1   gen() 19430 MB/s
[    5.136228] raid6: avx2x1   xor() 10843 MB/s
[    5.184228] raid6: avx2x2   gen() 18599 MB/s
[    5.232262] raid6: avx2x2   xor() 10503 MB/s
[    5.280375] raid6: avx2x4   gen() 21694 MB/s
[    5.328221] raid6: avx2x4   xor() 16241 MB/s
[    5.329459] raid6: using algorithm avx2x4 gen() 21694 MB/s
[    5.330999] raid6: .... xor() 16241 MB/s, rmw enabled
[    5.332501] raid6: using avx2x2 recovery algorithm
[    5.335107] xor: automatically using best checksumming function   avx       
[    5.338778] async_tx: api initialized (async)
done.
Begin: Running /scripts/init-premount ... done.
Begin: Mounting root file system ... Begin: Running /scripts/local-top ... done.
Begin: Running /scripts/local-premount ... [    5.398632] Btrfs loaded, crc32c=crc32c-intel
Scanning for Btrfs filesystems
done.
Warning: fsck not present, so skipping root file system
[    5.436151] EXT4-fs (sda1): INFO: recovery required on readonly filesystem
[    5.438091] EXT4-fs (sda1): write access will be enabled during recovery
[    5.820927] EXT4-fs (sda1): orphan cleanup on readonly fs
[    5.827214] EXT4-fs (sda1): 2 orphan inodes deleted
[    5.828871] EXT4-fs (sda1): recovery complete
[    5.838632] EXT4-fs (sda1): mounted filesystem with ordered data mode. Opts: (null)
done.
Begin: Running /scripts/local-bottom ... done.
Begin: Running /scripts/init-bottom ... done.
[    6.050534] ip_tables: (C) 2000-2006 Netfilter Core Team
[    6.063962] systemd[1]: systemd 237 running in system mode. (+PAM +AUDIT +SELINUX +IMA +APPARMOR +SMACK +SYSVINIT +UTMP +LIBCRYPTSETUP +GCRYPT +GNUTLS +ACL +XZ +LZ4 +SECCOMP +BLKID +ELFUTILS +KMOD -IDN2 +IDN -PCRE2 default-hierarchy=hybrid)
[    6.070927] systemd[1]: Detected virtualization oracle.
[    6.072567] systemd[1]: Detected architecture x86-64.

Welcome to [1mUbuntu 18.04.4 LTS[0m!

[    6.093550] systemd[1]: Set hostname to <ubuntu-bionic>.
[    6.447719] systemd[1]: Reached target User and Group Name Lookups.
[[0;32m  OK  [0m] Reached target User and Group Name Lookups.
[    6.450923] systemd[1]: Reached target System Time Synchronized.
[[0;32m  OK  [0m] Reached target System Time Synchronized.
[    6.456467] systemd[1]: Created slice System Slice.
[[0;32m  OK  [0m] Created slice System Slice.
[    6.459214] systemd[1]: Created slice system-serial\x2dgetty.slice.
[[0;32m  OK  [0m] Created slice system-serial\x2dgetty.slice.
[    6.462372] systemd[1]: Listening on Device-mapper event daemon FIFOs.
[[0;32m  OK  [0m] Listening on Device-mapper event daemon FIFOs.
[    6.465517] systemd[1]: Listening on Network Service Netlink Socket.
[[0;32m  OK  [0m] Listening on Network Service Netlink Socket.
[[0;32m  OK  [0m] Listening on LVM2 poll daemon socket.
[[0;32m  OK  [0m] Created slice User and Session Slice.
[[0;32m  OK  [0m] Reached target Slices.
[[0;32m  OK  [0m] Reached target Swap.
[[0;32m  OK  [0m] Listening on udev Kernel Socket.
[[0;32m  OK  [0m] Listening on Journal Audit Socket.
[[0;32m  OK  [0m] Listening on Journal Socket (/dev/log).
[[0;32m  OK  [0m] Set up automount Arbitrary Executab…rmats File System Automount Point.
[[0;32m  OK  [0m] Started Forward Password Requests to Wall Directory Watch.
[[0;32m  OK  [0m] Listening on LVM2 metadata daemon socket.
[[0;32m  OK  [0m] Listening on udev Control Socket.
[[0;32m  OK  [0m] Listening on /dev/initctl Compatibility Named Pipe.
[[0;32m  OK  [0m] Listening on Journal Socket.
         Mounting POSIX Message Queue File System...
         Starting Load Kernel Modules...
         Starting Uncomplicated firewall...
         Mounting Huge Pages File System...
[    6.521530] Loading iSCSI transport class v2.0-870.
         Starting Monitoring of LVM2 mirrors…ng dmeventd or progress polling...
         Starting Set the console keyboard layout...
         Starting Create list of required st…ce nodes for the current k[    6.534632] iscsi: registered transport (tcp)
ernel...
         Starting udev Coldplug all Devices...
         Starting Remount Root and Kernel File Systems...
[[0;32m  OK  [0m] Listening on Syslog Socket.
         Starting Journal Service...
         Mounting Kernel Debug File System...
[[0;32m  OK  [0m] Mounted POSIX Message Queue File System.
[[0;32m  OK  [0m] Started Uncomplicated firewall.
[    6.628318] iscsi: registered transport (iser)
[[0;32m  OK  [0m] Mounted Huge Pages File System.
[[0;32m  OK  [0m] Started Load Kernel Modules.
[[0;32m  OK  [0m] Started Create list of required sta…vice nodes for the current kernel.
[[0;32m  OK  [0m] Mounted Kernel Debug File System.
[[0;32m  OK  [0m] Started LVM2 metadata daemon.
         Starting Create Static Device Nodes in /dev...
         Mounting Kernel Configuration File System...
         Starting Apply Kernel Variables...
         Mounting FUSE Control File System...
[[0;32m  OK  [0m] Mounted Kernel Configuration File System.
[[0;32m  OK  [0m] Mounted FUSE Control File System.
[[0;32m  OK  [0m] Started Create Static Device Nodes in /dev.
[    6.702209] EXT4-fs (sda1): re-mounted. Opts: (null)
[[0;32m  OK  [0m] Started Remount Root and Kernel File Systems.
         Starting udev Kernel Device Manager...
         Starting Load/Save Random Seed...
[[0;32m  OK  [0m] Started Monitoring of LVM2 mirrors,…sing dmeventd or progress polling.
[[0;32m  OK  [0m] Started udev Coldplug all Devices.
[[0;32m  OK  [0m] Started Apply Kernel Variables.
[[0;32m  OK  [0m] Started Load/Save Random Seed.
[[0;32m  OK  [0m] Started Journal Service.
         Starting Flush Journal to Persistent Storage...
[[0;32m  OK  [0m] Started udev Kernel Device Manager.
[[0;32m  OK  [0m] Started Set the console keyboard layout.
[[0;32m  OK  [0m] Started Dispatch Password Requests to Console Directory Watch.
[[0;32m  OK  [0m] Reached target Local Encrypted Volumes.
[[0;32m  OK  [0m] Reached target Local File Systems (Pre).
[[0;32m  OK  [0m] Reached target Local File Systems.
         Starting Tell Plymouth To Write Out Runtime Data...
         Starting AppArmor initialization...
         Starting Set console font and keymap...
         Starting ebtables ruleset management...
[[0;32m  OK  [0m] Started Tell Plymouth To Write Out Runtime Data.
[[0;32m  OK  [0m] Started Set console font and keymap.
[[0;32m  OK  [0m] Started ebtables ruleset management.
[[0;32m  OK  [0m] Started Flush Journal to Persistent Storage.
         Starting Create Volatile Files and Directories...
[[0;32m  OK  [0m] Started Create Volatile Files and Directories.
         Starting Update UTMP about System Boot/Shutdown...
[[0;32m  OK  [0m] Started Update UTMP about System Boot/Shutdown.
[[0;32m  OK  [0m] Started AppArmor initialization.
         Starting Initial cloud-init job (pre-networking)...
[[0;32m  OK  [0m] Found device /dev/ttyS0.
[[0;32m  OK  [0m] Listening on Load/Save RF Kill Switch Status /dev/rfkill Watch.
[    8.983926] cloud-init[508]: Cloud-init v. 19.4-33-gbb4131a2-0ubuntu1~18.04.1 running 'init-local' at Sat, 02 May 2020 15:10:31 +0000. Up 8.73 seconds.
[[0;32m  OK  [0m] Started Initial cloud-init job (pre-networking).
[[0;32m  OK  [0m] Reached target Network (Pre).
         Starting Network Service...
[[0;32m  OK  [0m] Started Network Service.
         Starting Network Name Resolution...
         Starting Wait for Network to be Configured...
[[0;32m  OK  [0m] Started Network Name Resolution.
[[0;32m  OK  [0m] Reached target Host and Network Name Lookups.
[[0;32m  OK  [0m] Reached target Network.
[[0;32m  OK  [0m] Started Wait for Network to be Configured.
         Starting Initial cloud-init job (metadata service crawler)...
[   12.714764] cloud-init[691]: Cloud-init v. 19.4-33-gbb4131a2-0ubuntu1~18.04.1 running 'init' at Sat, 02 May 2020 15:10:34 +0000. Up 12.46 seconds.
[   12.728848] cloud-init[691]: ci-info: +++++++++++++++++++++++++++++++++++++Net device info+++++++++++++++++++++++++++++++++++++
[   12.734590] cloud-init[691]: ci-info: +--------+------+--------------------------+---------------+--------+-------------------+
[   12.752423] cloud-init[691]: ci-info: | Device |  Up  |         Address          |      Mask     | Scope  |     Hw-Address    |
[   12.768460] cloud-init[691]: ci-info: +--------+------+--------------------------+---------------+--------+-------------------+
[   12.772589] cloud-init[691]: ci-info: | enp0s3 | True |        10.0.2.15         | 255.255.255.0 | global | 02:43:0e:00:05:fc |
[   12.775591] cloud-init[691]: ci-info: | enp0s3 | True | fe80::43:eff:fe00:5fc/64 |       .       |  link  | 02:43:0e:00:05:fc |
[   12.789003] cloud-init[691]: ci-info: |   lo   | True |        127.0.0.1         |   255.0.0.0   |  host  |         .         |
[   12.793036] cloud-init[691]: ci-info: |   lo   | True |         ::1/128          |       .       |  host  |         .         |
[   12.796814] cloud-init[691]: ci-info: +--------+------+--------------------------+---------------+--------+-------------------+
[   12.812872] cloud-init[691]: ci-info: ++++++++++++++++++++++++++++Route IPv4 info+++++++++++++++++++++++++++++
[   12.816387] cloud-init[691]: ci-info: +-------+-------------+----------+-----------------+-----------+-------+
[   12.821737] cloud-init[691]: ci-info: | Route | Destination | Gateway  |     Genmask     | Interface | Flags |
[   12.826934] cloud-init[691]: ci-info: +-------+-------------+----------+-----------------+-----------+-------+
[   12.831059] cloud-init[691]: ci-info: |   0   |   0.0.0.0   | 10.0.2.2 |     0.0.0.0     |   enp0s3  |   UG  |
[   12.844322] cloud-init[691]: ci-info: |   1   |   10.0.2.0  | 0.0.0.0  |  255.255.255.0  |   enp0s3  |   U   |
[   12.847359] cloud-init[691]: ci-info: |   2   |   10.0.2.2  | 0.0.0.0  | 255.255.255.255 |   enp0s3  |   UH  |
[   12.860923] cloud-init[691]: ci-info: +-------+-------------+----------+-----------------+-----------+-------+
[   12.863851] cloud-init[691]: ci-info: +++++++++++++++++++Route IPv6 info+++++++++++++++++++
[   12.866930] cloud-init[691]: ci-info: +-------+-------------+---------+-----------+-------+
[   12.873875] cloud-init[691]: ci-info: | Route | Destination | Gateway | Interface | Flags |
[   12.889004] cloud-init[691]: ci-info: +-------+-------------+---------+-----------+-------+
[   12.892697] cloud-init[691]: ci-info: |   1   |  fe80::/64  |    ::   |   enp0s3  |   U   |
[   12.895893] cloud-init[691]: ci-info: |   3   |    local    |    ::   |   enp0s3  |   U   |
[   12.899479] cloud-init[691]: ci-info: |   4   |   ff00::/8  |    ::   |   enp0s3  |   U   |
[   12.905408] cloud-init[691]: ci-info: +-------+-------------+---------+-----------+-------+
[[0;32m  OK  [0m] Started Initial cloud-init job (metadata service crawler).
[[0;32m  OK  [0m] Reached target Cloud-config availability.
[[0;32m  OK  [0m] Reached target System Initialization.
[[0;32m  OK  [0m] Listening on ACPID Listen Socket.
[[0;32m  OK  [0m] Started Message of the Day.
[[0;32m  OK  [0m] Started Discard unused blocks once a week.
[[0;32m  OK  [0m] Listening on Open-iSCSI iscsid Socket.
[[0;32m  OK  [0m] Started Daily Cleanup of Temporary Directories.
[[0;32m  OK  [0m] Started ACPI Events Check.
[[0;32m  OK  [0m] Reached target Paths.
         Starting LXD - unix socket.
[[0;32m  OK  [0m] Listening on UUID daemon activation socket.
[[0;32m  OK  [0m] Started Daily apt download activities.
[[0;32m  OK  [0m] Started Daily apt upgrade and clean activities.
[[0;32m  OK  [0m] Reached target Timers.
         Starting Socket activation for snappy daemon.
[[0;32m  OK  [0m] Listening on D-Bus System Message Bus Socket.
[[0;32m  OK  [0m] Reached target Network is Online.
[[0;32m  OK  [0m] Reached target Remote File Systems (Pre).
[[0;32m  OK  [0m] Reached target Remote File Systems.
         Starting Availability of block devices...
[[0;32m  OK  [0m] Listening on LXD - unix socket.
[[0;32m  OK  [0m] Listening on Socket activation for snappy daemon.
[[0;32m  OK  [0m] Reached target Sockets.
[[0;32m  OK  [0m] Reached target Basic System.
[[0;32m  OK  [0m] Started Deferred execution scheduler.
         Starting Permit User Sessions...
         Starting System Logging Service...
         Starting Accounts Service...
         Starting LSB: automatic crash report generation...
         Starting Login Service...
         Starting LXD - container startup/shutdown...
         Starting Snappy daemon...
         Starting Dispatcher daemon for systemd-networkd...
[[0;32m  OK  [0m] Started D-Bus System Message Bus.
[[0;32m  OK  [0m] Started Login Service.
         Starting OpenBSD Secure Shell server...
         Starting vboxadd.service...
         Starting LSB: Record successful boot for GRUB...
[[0;32m  OK  [0m] Started irqbalance daemon.
[[0;32m  OK  [0m] Started Regular background program processing daemon.
[[0;32m  OK  [0m] Started Unattended Upgrades Shutdown.
[[0;32m  OK  [0m] Started FUSE filesystem for LXC.
[[0;32m  OK  [0m] Started System Logging Service.
[[0;32m  OK  [0m] Started Availability of block devices.
[[0;32m  OK  [0m] Started Permit User Sessions.
[[0;32m  OK  [0m] Started OpenBSD Secure Shell server.
         Starting Authorization Manager...
         Starting Hold until boot process finishes up...
         Starting Terminate Plymouth Boot Screen...
[[0;32m  OK  [0m] Started Hold until boot process finishes up.
[[0;32m  OK  [0m] Started Terminate Plymouth Boot Screen.
[[0;32m  OK  [0m] Started Serial Getty on ttyS0.
         Starting Set console scheme...
[[0;32m  OK  [0m] Started LXD - container startup/shutdown.
[[0;32m  OK  [0m] Started LSB: automatic crash report generation.
[[0;32m  OK  [0m] Started Set console scheme.
[[0;32m  OK  [0m] Created slice system-getty.slice.
[[0;32m  OK  [0m] Started Getty on tty1.
[[0;32m  OK  [0m] Reached target Login Prompts.
[[0;32m  OK  [0m] Started LSB: Record successful boot for GRUB.
[[0;32m  OK  [0m] Started Authorization Manager.
[[0;32m  OK  [0m] Started Accounts Service.
[[0;32m  OK  [0m] Started Dispatcher daemon for systemd-networkd.
[[0;32m  OK  [0m] Created slice User Slice of vagrant.
         Starting User Manager for UID 1000...
[[0;32m  OK  [0m] Started Snappy daemon.
         Starting Wait until snapd is fully seeded...
[[0;32m  OK  [0m] Started Session 1 of user vagrant.
[[0;32m  OK  [0m] Started Wait until snapd is fully seeded.
         Starting Apply the settings specified in cloud-config...
[[0;32m  OK  [0m] Started User Manager for UID 1000.
[   16.307299] cloud-init[987]: Cloud-init v. 19.4-33-gbb4131a2-0ubuntu1~18.04.1 running 'modules:config' at Sat, 02 May 2020 15:10:38 +0000. Up 16.04 seconds.
[[0;32m  OK  [0m] Started Apply the settings specified in cloud-config.
[[0;32m  OK  [0m] Started vboxadd.service.
         Starting vboxadd-service.service...
[[0;32m  OK  [0m] Started vboxadd-service.service.
[[0;32m  OK  [0m] Reached target Multi-User System.
         Starting Execute cloud user/final scripts...
[[0;32m  OK  [0m] Reached target Graphical Interface.
         Starting Update UTMP about System Runlevel Changes...
[[0;32m  OK  [0m] Started Update UTMP about System Runlevel Changes.
[   17.504260] cloud-init[1135]: Cloud-init v. 19.4-33-gbb4131a2-0ubuntu1~18.04.1 running 'modules:final' at Sat, 02 May 2020 15:10:39 +0000. Up 17.34 seconds.
[   17.508637] cloud-init[1135]: Cloud-init v. 19.4-33-gbb4131a2-0ubuntu1~18.04.1 finished at Sat, 02 May 2020 15:10:39 +0000. Datasource DataSourceNoCloud [seed=/dev/sdb][dsmode=net].  Up 17.49 seconds
[[0;32m  OK  [0m] Started Execute cloud user/final scripts.
[[0;32m  OK  [0m] Reached target Cloud-init target.

Ubuntu 18.04.4 LTS ubuntu-bionic ttyS0

ubuntu-bionic login: 